<?xml version="1.0" encoding="utf-8" standalone="no"?>
<!--This file represents the results of running a test suite-->
<test-results name="C:\Users\Watcher\Documents\Projects\Visual studio 2010\Projects\DotNetNuke\YetAnotherForum.NET\YAF.Tests\bin\YAF.Tests.General.dll" total="0" errors="0" failures="0" not-run="0" inconclusive="0" ignored="0" skipped="0" invalid="0" date="2011-03-04" time="17:23:11">
  <environment nunit-version="2.5.5.10112" clr-version="4.0.30319.1" os-version="Microsoft Windows NT 6.1.7601 Service Pack 1" platform="Win32NT" cwd="C:\Program Files (x86)\Microsoft Visual Studio 10.0\Common7\IDE" machine-name="WATCHER-ONE" user="Watcher" user-domain="Watcher-One" />
  <culture-info current-culture="de-DE" current-uiculture="de-DE" />
  <test-suite type="Assembly" name="C:\Users\Watcher\Documents\Projects\Visual studio 2010\Projects\DotNetNuke\YetAnotherForum.NET\YAF.Tests\bin\YAF.Tests.General.dll" executed="False" result="NotRunnable">
    <reason>
      <message><![CDATA[Has no TestFixtures]]></message>
    </reason>
  </test-suite>
</test-results>